[-1] MPI startup(): Imported environment partly inaccesible. Map=0 Info=194a5e0
[-1] MPI startup(): Imported environment partly inaccesible. Map=0 Info=1a3d5e0
[-1] MPI startup(): Imported environment partly inaccesible. Map=0 Info=9875e0
[0] MPI startup(): Multi-threaded optimized library
[-1] MPI startup(): Imported environment partly inaccesible. Map=0 Info=240b5e0
[0] MPI startup(): shm and tmi data transfer modes
[2] MPI startup(): shm and tmi data transfer modes
[1] MPI startup(): shm and tmi data transfer modes
[3] MPI startup(): shm and tmi data transfer modes
[0] MPI startup(): Rank    Pid      Node name                           Pin cpu
[0] MPI startup(): 0       9112     cpn-k08-40-01.cbls.ccr.buffalo.edu  +1
[0] MPI startup(): 1       9113     cpn-k08-40-01.cbls.ccr.buffalo.edu  +1
[0] MPI startup(): 2       10451    cpn-k08-41-01.cbls.ccr.buffalo.edu  +1
[0] MPI startup(): 3       10452    cpn-k08-41-01.cbls.ccr.buffalo.edu  +1
Processor [2] has received first element as 144 
Processor [1] has received first element as 84 
Processor [0] has received first element as 184 
Processor [3] has received first element as 100 
p: 4
Tp: 146.797
