[-1] MPI startup(): Imported environment partly inaccesible. Map=0 Info=25e05e0
[-1] MPI startup(): Imported environment partly inaccesible. Map=0 Info=8f45e0
[-1] MPI startup(): Imported environment partly inaccesible. Map=0 Info=d2d5e0
[0] MPI startup(): Multi-threaded optimized library
[-1] MPI startup(): Imported environment partly inaccesible. Map=0 Info=cae5e0
[2] MPID_nem_ofacm_init(): Init
[3] MPID_nem_ofacm_init(): Init
[1] MPID_nem_ofacm_init(): Init
[0] MPID_nem_ofacm_init(): Init
[1] MPI startup(): shm and ofa data transfer modes
[0] MPI startup(): shm and ofa data transfer modes
[3] MPI startup(): shm and ofa data transfer modes
[2] MPI startup(): shm and ofa data transfer modes
[0] MPI startup(): Rank    Pid      Node name                        Pin cpu
[0] MPI startup(): 0       8914     cpn-f16-30.cbls.ccr.buffalo.edu  +1
[0] MPI startup(): 1       8915     cpn-f16-30.cbls.ccr.buffalo.edu  +1
[0] MPI startup(): 2       6929     cpn-f16-31.cbls.ccr.buffalo.edu  +1
[0] MPI startup(): 3       6930     cpn-f16-31.cbls.ccr.buffalo.edu  +1
Processor [2] has received first element as 144 
Processor [0] has received first element as 184 
p: 4
Tp: 184.604
Processor [1] has received first element as 84 
Processor [3] has received first element as 100 
